[debug] [2025-07-15T02:16:50.396Z] ----------------------------------------------------------------------
[debug] [2025-07-15T02:16:50.400Z] Command:       C:\nvm4w\nodejs\node.exe C:\Users\scorp\.npm-global\node_modules\firebase-tools\lib\bin\firebase.js init functions
[debug] [2025-07-15T02:16:50.401Z] CLI Version:   14.10.1
[debug] [2025-07-15T02:16:50.401Z] Platform:      win32
[debug] [2025-07-15T02:16:50.401Z] Node Version:  v22.17.0
[debug] [2025-07-15T02:16:50.402Z] Time:          Mon Jul 14 2025 22:16:50 GMT-0400 (Eastern Daylight Saving Time)
[debug] [2025-07-15T02:16:50.402Z] ----------------------------------------------------------------------
[debug] 
[debug] [2025-07-15T02:16:50.754Z] > command requires scopes: ["email","openid","https://www.googleapis.com/auth/cloudplatformprojects.readonly","https://www.googleapis.com/auth/firebase","https://www.googleapis.com/auth/cloud-platform"]
[debug] [2025-07-15T02:16:50.755Z] > authorizing via signed-in user (team.mobileweb@gmail.com)
[info] 
     ######## #### ########  ######## ########     ###     ######  ########
     ##        ##  ##     ## ##       ##     ##  ##   ##  ##       ##
     ######    ##  ########  ######   ########  #########  ######  ######
     ##        ##  ##    ##  ##       ##     ## ##     ##       ## ##
     ##       #### ##     ## ######## ########  ##     ##  ######  ########

You're about to initialize a Firebase project in this directory:

  C:\Users\scorp\projects\vibe-extension\code-context-pro\codecontext-pro-web

Before we get started, keep in mind:

  * You are initializing within an existing Firebase project directory

